<?xml version="1.0" encoding="UTF-8"?>
<!-- Generated by org.testng.reporters.JUnitReportReporter -->
<testsuite hostname="DESKTOP-GG0HD2N" failures="0" tests="1" name="dropdownAndSynchronization.PhpTravelsFormAutomation" time="4.484" errors="0" timestamp="2023-12-13T17:03:01 IST" skipped="0">
  <testcase classname="dropdownAndSynchronization.PhpTravelsFormAutomation" name="fillPhpTravelsForm" time="4.484"/>
</testsuite> <!-- dropdownAndSynchronization.PhpTravelsFormAutomation -->
